<?xml version="1.0" encoding="UTF-8"?>
<testng-results skipped="0" failed="0" total="3" passed="3">
  <reporter-output>
  </reporter-output>
  <suite name="Suite1" duration-ms="127" started-at="2015-12-17T12:01:24Z" finished-at="2015-12-17T12:01:24Z">
    <groups>
    </groups>
    <test name="Sample" duration-ms="127" started-at="2015-12-17T12:01:24Z" finished-at="2015-12-17T12:01:24Z">
      <class name="testng.SampleTest">
        <test-method status="PASS" signature="newTest()[pri:0, instance:testng.SampleTest@4dc1dfa9]" name="newTest" duration-ms="28" started-at="2015-12-17T17:31:24Z" finished-at="2015-12-17T17:31:24Z">
          <reporter-output>
          </reporter-output>
        </test-method> <!-- newTest -->
        <test-method status="PASS" signature="sampleTest()[pri:0, instance:testng.SampleTest@4dc1dfa9]" name="sampleTest" duration-ms="8" started-at="2015-12-17T17:31:24Z" finished-at="2015-12-17T17:31:24Z">
          <reporter-output>
          </reporter-output>
        </test-method> <!-- sampleTest -->
        <test-method status="PASS" signature="wowtotest()[pri:0, instance:testng.SampleTest@4dc1dfa9]" name="wowtotest" duration-ms="10" started-at="2015-12-17T17:31:24Z" finished-at="2015-12-17T17:31:24Z">
          <reporter-output>
          </reporter-output>
        </test-method> <!-- wowtotest -->
      </class> <!-- testng.SampleTest -->
    </test> <!-- Sample -->
  </suite> <!-- Suite1 -->
</testng-results>
